19:27:19 **** Incremental Build of configuration Debug for project RTOS_TEST ****
make -j8 all 
arm-none-eabi-g++ -o "RTOS_TEST.elf" @"objects.list"   -mcpu=cortex-m3 -T"E:\Embedded\Modern C++\Interfacing\RTOS_TEST\STM32F103C8TX_FLASH.ld" --specs=nosys.specs -Wl,-Map="RTOS_TEST.map" -Wl,--gc-sections -static --specs=nano.specs -mfloat-abi=soft -mthumb -Wl,--start-group -lc -lm -lstdc++ -lsupc++ -Wl,--end-group
C:/ST/STM32CubeIDE_1.12.0/STM32CubeIDE/plugins/com.st.stm32cube.ide.mcu.externaltools.gnu-tools-for-stm32.11.3.rel1.win32_1.1.1.202309131626/tools/bin/../lib/gcc/arm-none-eabi/11.3.1/../../../../arm-none-eabi/bin/ld.exe: ./Core/Src/stm32f1xx_it.o: in function `SVC_Handler':
E:/Embedded/Modern C++/Interfacing/RTOS_TEST/Debug/../Core/Src/stm32f1xx_it.c:145: multiple definition of `SVC_Handler'; ./Core/Src/port.o:E:/Embedded/C++ ARM/EmbeddedCppDiploma Updated/EmbeddedCppDiploma-main/RTOS/RTOS_TEST/Debug/../Core/Src/port.c:250: first defined here
C:/ST/STM32CubeIDE_1.12.0/STM32CubeIDE/plugins/com.st.stm32cube.ide.mcu.externaltools.gnu-tools-for-stm32.11.3.rel1.win32_1.1.1.202309131626/tools/bin/../lib/gcc/arm-none-eabi/11.3.1/../../../../arm-none-eabi/bin/ld.exe: ./Core/Src/stm32f1xx_it.o: in function `PendSV_Handler':
E:/Embedded/Modern C++/Interfacing/RTOS_TEST/Debug/../Core/Src/stm32f1xx_it.c:171: multiple definition of `PendSV_Handler'; ./Core/Src/port.o:E:/Embedded/C++ ARM/EmbeddedCppDiploma Updated/EmbeddedCppDiploma-main/RTOS/RTOS_TEST/Debug/../Core/Src/port.c:403: first defined here
C:/ST/STM32CubeIDE_1.12.0/STM32CubeIDE/plugins/com.st.stm32cube.ide.mcu.externaltools.gnu-tools-for-stm32.11.3.rel1.win32_1.1.1.202309131626/tools/bin/../lib/gcc/arm-none-eabi/11.3.1/../../../../arm-none-eabi/bin/ld.exe: ./Core/Src/stm32f1xx_it.o: in function `SysTick_Handler':
E:/Embedded/Modern C++/Interfacing/RTOS_TEST/Debug/../Core/Src/stm32f1xx_it.c:184: multiple definition of `SysTick_Handler'; ./Core/Src/port.o:E:/Embedded/C++ ARM/EmbeddedCppDiploma Updated/EmbeddedCppDiploma-main/RTOS/RTOS_TEST/Debug/../Core/Src/port.c:437: first defined here
collect2.exe: error: ld returned 1 exit status
make: *** [makefile:82: RTOS_TEST.elf] Error 1
"make -j8 all" terminated with exit code 2. Build might be incomplete.

19:27:19 Build Failed. 7 errors, 0 warnings. (took 861ms)

